Performing C++ SOURCE FILE Test ABSL_INTERNAL_AT_LEAST_CXX17 failed with the following output:
Change Dir: /drive2/research/code/face_utils_C/build/CMakeFiles/CMakeTmp

Run Build Command(s):/usr/bin/gmake -f Makefile cmTC_3e57c/fast && /usr/bin/gmake  -f CMakeFiles/cmTC_3e57c.dir/build.make CMakeFiles/cmTC_3e57c.dir/build
gmake[1]: Entering directory '/drive2/research/code/face_utils_C/build/CMakeFiles/CMakeTmp'
Building CXX object CMakeFiles/cmTC_3e57c.dir/src.cxx.o
/usr/bin/c++ -DABSL_INTERNAL_AT_LEAST_CXX17   -o CMakeFiles/cmTC_3e57c.dir/src.cxx.o -c /drive2/research/code/face_utils_C/build/CMakeFiles/CMakeTmp/src.cxx
/drive2/research/code/face_utils_C/build/CMakeFiles/CMakeTmp/src.cxx:6:4: error: #error "The compiler defaults or is configured for C++ < 17"
    6 | #  error "The compiler defaults or is configured for C++ < 17"
      |    ^~~~~
gmake[1]: *** [CMakeFiles/cmTC_3e57c.dir/build.make:78: CMakeFiles/cmTC_3e57c.dir/src.cxx.o] Error 1
gmake[1]: Leaving directory '/drive2/research/code/face_utils_C/build/CMakeFiles/CMakeTmp'
gmake: *** [Makefile:127: cmTC_3e57c/fast] Error 2


Source file was:
#ifdef _MSC_VER
#  if _MSVC_LANG < 201700L
#    error "The compiler defaults or is configured for C++ < 17"
#  endif
#elif __cplusplus < 201700L
#  error "The compiler defaults or is configured for C++ < 17"
#endif
int main() { return 0; }

